<?xml version="1.0" encoding="UTF-8"?>
<robot generator="Robot 3.2.2 (Python 3.9.0 on win32)" generated="20210329 11:29:28.355" rpa="false">
<suite id="s1" name="Headers Params Auth" source="c:\Projetos\TestSitePractice\testcase\headers_params_auth.robot">
<test id="s1-t1" name="Exemplo: Fazendo autenticação básica (Basic Authentication)">
<kw name="Conectar com autenticação básica na API do GitHub">
<kw name="Create List" library="BuiltIn">
<doc>Returns a list containing given items.</doc>
<arguments>
<arg>${MY_GITHUB_USER}</arg>
<arg>${MY_GITHUB_PASS}</arg>
</arguments>
<assign>
<var>${AUTH}</var>
</assign>
<msg timestamp="20210329 11:29:28.589" level="INFO">${AUTH} = ['vpachecooo', '0a376aabc8b5d5d7275fd349343bc14798b86fbf']</msg>
<status status="PASS" starttime="20210329 11:29:28.589" endtime="20210329 11:29:28.589"></status>
</kw>
<kw name="Create Session" library="RequestsLibrary">
<doc>Create Session: create a HTTP session to a server</doc>
<arguments>
<arg>alias=mygithubAuth</arg>
<arg>url=${GITHUB_HOST}</arg>
<arg>auth=${AUTH}</arg>
<arg>disable_warnings=True</arg>
</arguments>
<msg timestamp="20210329 11:29:28.589" level="INFO">Creating Session using : alias=mygithubAuth, url=https://api.github.com, headers={},                     cookies={}, auth=&lt;requests.auth.HTTPBasicAuth object at 0x000001F9EB37EDC0&gt;, timeout=None, proxies=None, verify=False,                     debug=0 </msg>
<status status="PASS" starttime="20210329 11:29:28.589" endtime="20210329 11:29:28.589"></status>
</kw>
<status status="PASS" starttime="20210329 11:29:28.589" endtime="20210329 11:29:28.589"></status>
</kw>
<kw name="Solicitar os dados do meu usuário">
<kw name="Get On Session" library="RequestsLibrary">
<doc>Sends a GET request on a previously created HTTP Session.</doc>
<arguments>
<arg>alias=mygithubAuth</arg>
<arg>url=/user</arg>
</arguments>
<assign>
<var>${MY_USER_DATA}</var>
</assign>
<msg timestamp="20210329 11:29:33.208" level="INFO">GET Request : url=https://api.github.com/user 
 path_url=/user 
 headers={'User-Agent': 'python-requests/2.25.1', 'Accept-Encoding': 'gzip, deflate', 'Accept': '*/*', 'Connection': 'keep-alive', 'Authorization': 'Basic dnBhY2hlY29vbzowYTM3NmFhYmM4YjVkNWQ3Mjc1ZmQzNDkzNDNiYzE0Nzk4Yjg2ZmJm'} 
 body=None 
 </msg>
<msg timestamp="20210329 11:29:33.208" level="INFO">GET Response : url=https://api.github.com/user 
 status=200, reason=OK 
 headers={'Server': 'GitHub.com', 'Date': 'Mon, 29 Mar 2021 14:29:32 GMT', 'Content-Type': 'application/json; charset=utf-8', 'Transfer-Encoding': 'chunked', 'Cache-Control': 'private, max-age=60, s-maxage=60', 'Vary': 'Accept, Authorization, Cookie, X-GitHub-OTP, Accept-Encoding, Accept, X-Requested-With', 'ETag': 'W/"231809736974c46b9e76ead0ab56bf91026f69dbb7298f33cc475b2fabdcfda4"', 'Last-Modified': 'Mon, 29 Mar 2021 13:16:01 GMT', 'X-OAuth-Scopes': 'notifications, repo, user', 'X-Accepted-OAuth-Scopes': '', 'X-GitHub-Media-Type': 'github.v3; format=json', 'X-RateLimit-Limit': '5000', 'X-RateLimit-Remaining': '4998', 'X-RateLimit-Reset': '1617030201', 'X-RateLimit-Used': '2', 'Access-Control-Expose-Headers': 'ETag, Link, Location, Retry-After, X-GitHub-OTP, X-RateLimit-Limit, X-RateLimit-Remaining, X-RateLimit-Used, X-RateLimit-Reset, X-OAuth-Scopes, X-Accepted-OAuth-Scopes, X-Poll-Interval, X-GitHub-Media-Type, Deprecation, Sunset', 'Access-Control-Allow-Origin': '*', 'Strict-Transport-Security': 'max-age=31536000; includeSubdomains; preload', 'X-Frame-Options': 'deny', 'X-Content-Type-Options': 'nosniff', 'X-XSS-Protection': '0', 'Referrer-Policy': 'origin-when-cross-origin, strict-origin-when-cross-origin', 'Content-Security-Policy': "default-src 'none'", 'Content-Encoding': 'gzip', 'X-GitHub-Request-Id': 'A65D:1AAC:D3E26:28146B:6061E44C'} 
 body={"login":"vpachecooo","id":40696267,"node_id":"MDQ6VXNlcjQwNjk2MjY3","avatar_url":"https://avatars.githubusercontent.com/u/40696267?v=4","gravatar_id":"","url":"https://api.github.com/users/vpachecooo","html_url":"https://github.com/vpachecooo","followers_url":"https://api.github.com/users/vpachecooo/followers","following_url":"https://api.github.com/users/vpachecooo/following{/other_user}","gists_url":"https://api.github.com/users/vpachecooo/gists{/gist_id}","starred_url":"https://api.github.com/users/vpachecooo/starred{/owner}{/repo}","subscriptions_url":"https://api.github.com/users/vpachecooo/subscriptions","organizations_url":"https://api.github.com/users/vpachecooo/orgs","repos_url":"https://api.github.com/users/vpachecooo/repos","events_url":"https://api.github.com/users/vpachecooo/events{/privacy}","received_events_url":"https://api.github.com/users/vpachecooo/received_events","type":"User","site_admin":false,"name":"Victor Pacheco","company":null,"blog":"","location":"Brasília/DF","email":null,"hireable":true,"bio":"QA Analyst\r\n","twitter_username":null,"public_repos":4,"public_gists":0,"followers":0,"following":3,"created_at":"2018-06-29T14:34:16Z","updated_at":"2021-03-29T13:16:01Z","private_gists":0,"total_private_repos":1,"owned_private_repos":1,"disk_usage":17718,"collaborators":0,"two_factor_authentication":false,"plan":{"name":"free","space":976562499,"collaborators":0,"private_repos":10000}} 
 </msg>
<msg timestamp="20210329 11:29:33.208" level="INFO">${MY_USER_DATA} = &lt;Response [200]&gt;</msg>
<status status="PASS" starttime="20210329 11:29:28.589" endtime="20210329 11:29:33.209"></status>
</kw>
<kw name="Log" library="BuiltIn">
<doc>Logs the given message with the given level.</doc>
<arguments>
<arg>Meus dados: ${MY_USER_DATA.json()}</arg>
</arguments>
<msg timestamp="20210329 11:29:33.209" level="INFO">Meus dados: {'login': 'vpachecooo', 'id': 40696267, 'node_id': 'MDQ6VXNlcjQwNjk2MjY3', 'avatar_url': 'https://avatars.githubusercontent.com/u/40696267?v=4', 'gravatar_id': '', 'url': 'https://api.github.com/users/vpachecooo', 'html_url': 'https://github.com/vpachecooo', 'followers_url': 'https://api.github.com/users/vpachecooo/followers', 'following_url': 'https://api.github.com/users/vpachecooo/following{/other_user}', 'gists_url': 'https://api.github.com/users/vpachecooo/gists{/gist_id}', 'starred_url': 'https://api.github.com/users/vpachecooo/starred{/owner}{/repo}', 'subscriptions_url': 'https://api.github.com/users/vpachecooo/subscriptions', 'organizations_url': 'https://api.github.com/users/vpachecooo/orgs', 'repos_url': 'https://api.github.com/users/vpachecooo/repos', 'events_url': 'https://api.github.com/users/vpachecooo/events{/privacy}', 'received_events_url': 'https://api.github.com/users/vpachecooo/received_events', 'type': 'User', 'site_admin': False, 'name': 'Victor Pacheco', 'company': None, 'blog': '', 'location': 'Brasília/DF', 'email': None, 'hireable': True, 'bio': 'QA Analyst\r\n', 'twitter_username': None, 'public_repos': 4, 'public_gists': 0, 'followers': 0, 'following': 3, 'created_at': '2018-06-29T14:34:16Z', 'updated_at': '2021-03-29T13:16:01Z', 'private_gists': 0, 'total_private_repos': 1, 'owned_private_repos': 1, 'disk_usage': 17718, 'collaborators': 0, 'two_factor_authentication': False, 'plan': {'name': 'free', 'space': 976562499, 'collaborators': 0, 'private_repos': 10000}}</msg>
<status status="PASS" starttime="20210329 11:29:33.209" endtime="20210329 11:29:33.209"></status>
</kw>
<kw name="Confere sucesso na requisição">
<arguments>
<arg>${MY_USER_DATA}</arg>
</arguments>
<kw name="Should Be True" library="BuiltIn">
<doc>Fails if the given condition is not true.</doc>
<arguments>
<arg>'${RESPONSE.status_code}'=='200' or '${RESPONSE.status_code}'=='201'</arg>
<arg>msg=Erro na requisição! Verifique: ${RESPONSE}</arg>
</arguments>
<status status="PASS" starttime="20210329 11:29:33.209" endtime="20210329 11:29:33.210"></status>
</kw>
<status status="PASS" starttime="20210329 11:29:33.209" endtime="20210329 11:29:33.210"></status>
</kw>
<status status="PASS" starttime="20210329 11:29:28.589" endtime="20210329 11:29:33.210"></status>
</kw>
<status status="PASS" starttime="20210329 11:29:28.589" endtime="20210329 11:29:33.210" critical="yes"></status>
</test>
<doc>Exemplos da própria Library: https://github.com/bulkan/robotframework-requests/blob/master/tests/testcase.robot
Doc da API do GitHub: https://developer.github.com/v3/</doc>
<status status="PASS" starttime="20210329 11:29:28.355" endtime="20210329 11:29:33.212"></status>
</suite>
<statistics>
<total>
<stat pass="1" fail="0">Critical Tests</stat>
<stat pass="1" fail="0">All Tests</stat>
</total>
<tag>
</tag>
<suite>
<stat pass="1" fail="0" id="s1" name="Headers Params Auth">Headers Params Auth</stat>
</suite>
</statistics>
<errors>
</errors>
</robot>
